# JRE version: OpenJDK Runtime Environment (22.0+36) (build 22+36-2370)
# Java VM: OpenJDK 64-Bit Server VM (22+36-2370, mixed mode, sharing, tiered, compressed oops, compressed class ptrs, g1 gc, windows-amd64)
GC Precious Log:
 CardTable entry size: 512
 Card Set container configuration: InlinePtr #cards 4 size 8 Array Of Cards #cards 32 size 80 Howl #buckets 8 coarsen threshold 7372 Howl Bitmap #cards 1024 size 144 coarsen threshold 921 Card regions per heap region 1 cards per card region 8192
 CPUs: 16 total, 16 available
 Memory: 32605M
 Large Page Support: Disabled
 NUMA Support: Disabled
 Compressed Oops: Enabled (Zero based)
 Heap Region Size: 4M
 Heap Min Capacity: 8M
 Heap Initial Capacity: 512M
 Heap Max Capacity: 8152M
 Pre-touch: Disabled
 Parallel Workers: 13
 Concurrent Workers: 3
 Concurrent Refinement Workers: 13
 Periodic GC: Disabled
Heap:
 garbage-first heap   total reserved 8347648K, committed 319488K, used 189863K [0x0000000602800000, 0x0000000800000000)
  region size 4096K, 33 young (135168K), 1 survivors (4096K)
 Metaspace       used 32974K, committed 33600K, reserved 1114112K
  class space    used 4346K, committed 4608K, reserved 1048576K
GC Heap History (20 events):
Event: 34.907 GC heap before
{Heap before GC invocations=5 (full 0):
 garbage-first heap   total reserved 8347648K, committed 81920K, used 56188K [0x0000000602800000, 0x0000000800000000)
  region size 4096K, 11 young (45056K), 2 survivors (8192K)
 Metaspace       used 28780K, committed 29312K, reserved 1114112K
  class space    used 4055K, committed 4288K, reserved 1048576K
}
Event: 34.910 GC heap after
{Heap after GC invocations=6 (full 0):
 garbage-first heap   total reserved 8347648K, committed 81920K, used 26338K [0x0000000602800000, 0x0000000800000000)
  region size 4096K, 2 young (8192K), 2 survivors (8192K)
 Metaspace       used 28780K, committed 29312K, reserved 1114112K
  class space    used 4055K, committed 4288K, reserved 1048576K
}
Event: 43.327 GC heap before
{Heap before GC invocations=6 (full 0):
 garbage-first heap   total reserved 8347648K, committed 81920K, used 59106K [0x0000000602800000, 0x0000000800000000)
  region size 4096K, 11 young (45056K), 2 survivors (8192K)
 Metaspace       used 30218K, committed 30784K, reserved 1114112K
  class space    used 4150K, committed 4416K, reserved 1048576K
}
Event: 43.330 GC heap after
{Heap after GC invocations=7 (full 0):
 garbage-first heap   total reserved 8347648K, committed 81920K, used 28713K [0x0000000602800000, 0x0000000800000000)
  region size 4096K, 2 young (8192K), 2 survivors (8192K)
 Metaspace       used 30218K, committed 30784K, reserved 1114112K
  class space    used 4150K, committed 4416K, reserved 1048576K
}
Event: 50.414 GC heap before
{Heap before GC invocations=7 (full 0):
 garbage-first heap   total reserved 8347648K, committed 81920K, used 61481K [0x0000000602800000, 0x0000000800000000)
  region size 4096K, 11 young (45056K), 2 survivors (8192K)
 Metaspace       used 30904K, committed 31552K, reserved 1114112K
  class space    used 4214K, committed 4544K, reserved 1048576K
}
Event: 50.416 GC heap after
{Heap after GC invocations=8 (full 0):
 garbage-first heap   total reserved 8347648K, committed 81920K, used 31126K [0x0000000602800000, 0x0000000800000000)
  region size 4096K, 2 young (8192K), 2 survivors (8192K)
 Metaspace       used 30904K, committed 31552K, reserved 1114112K
  class space    used 4214K, committed 4544K, reserved 1048576K
}
Event: 54.508 GC heap before
{Heap before GC invocations=8 (full 0):
 garbage-first heap   total reserved 8347648K, committed 81920K, used 59798K [0x0000000602800000, 0x0000000800000000)
  region size 4096K, 10 young (40960K), 2 survivors (8192K)
 Metaspace       used 31447K, committed 32064K, reserved 1114112K
  class space    used 4256K, committed 4544K, reserved 1048576K
}
Event: 54.510 GC heap after
{Heap after GC invocations=9 (full 0):
 garbage-first heap   total reserved 8347648K, committed 81920K, used 31543K [0x0000000602800000, 0x0000000800000000)
  region size 4096K, 1 young (4096K), 1 survivors (4096K)
 Metaspace       used 31447K, committed 32064K, reserved 1114112K
  class space    used 4256K, committed 4544K, reserved 1048576K
}
Event: 56.693 GC heap before
{Heap before GC invocations=9 (full 0):
 garbage-first heap   total reserved 8347648K, committed 81920K, used 64311K [0x0000000602800000, 0x0000000800000000)
  region size 4096K, 10 young (40960K), 1 survivors (4096K)
 Metaspace       used 31611K, committed 32192K, reserved 1114112K
  class space    used 4266K, committed 4544K, reserved 1048576K
}
Event: 56.694 GC heap after
{Heap after GC invocations=10 (full 0):
 garbage-first heap   total reserved 8347648K, committed 81920K, used 31947K [0x0000000602800000, 0x0000000800000000)
  region size 4096K, 2 young (8192K), 2 survivors (8192K)
 Metaspace       used 31611K, committed 32192K, reserved 1114112K
  class space    used 4266K, committed 4544K, reserved 1048576K
}
Event: 59.769 GC heap before
{Heap before GC invocations=10 (full 0):
 garbage-first heap   total reserved 8347648K, committed 81920K, used 60619K [0x0000000602800000, 0x0000000800000000)
  region size 4096K, 10 young (40960K), 2 survivors (8192K)
 Metaspace       used 31839K, committed 32512K, reserved 1114112K
  class space    used 4274K, committed 4608K, reserved 1048576K
}
Event: 59.771 GC heap after
{Heap after GC invocations=11 (full 0):
 garbage-first heap   total reserved 8347648K, committed 81920K, used 38550K [0x0000000602800000, 0x0000000800000000)
  region size 4096K, 2 young (8192K), 2 survivors (8192K)
 Metaspace       used 31839K, committed 32512K, reserved 1114112K
  class space    used 4274K, committed 4608K, reserved 1048576K
}
Event: 59.864 GC heap before
{Heap before GC invocations=11 (full 0):
 garbage-first heap   total reserved 8347648K, committed 81920K, used 63126K [0x0000000602800000, 0x0000000800000000)
  region size 4096K, 9 young (36864K), 2 survivors (8192K)
 Metaspace       used 31930K, committed 32576K, reserved 1114112K
  class space    used 4277K, committed 4608K, reserved 1048576K
}
Event: 59.867 GC heap after
{Heap after GC invocations=12 (full 0):
 garbage-first heap   total reserved 8347648K, committed 90112K, used 52336K [0x0000000602800000, 0x0000000800000000)
  region size 4096K, 2 young (8192K), 2 survivors (8192K)
 Metaspace       used 31930K, committed 32576K, reserved 1114112K
  class space    used 4277K, committed 4608K, reserved 1048576K
}
Event: 59.992 GC heap before
{Heap before GC invocations=12 (full 0):
 garbage-first heap   total reserved 8347648K, committed 90112K, used 68720K [0x0000000602800000, 0x0000000800000000)
  region size 4096K, 7 young (28672K), 2 survivors (8192K)
 Metaspace       used 31949K, committed 32576K, reserved 1114112K
  class space    used 4277K, committed 4608K, reserved 1048576K
}
Event: 59.994 GC heap after
{Heap after GC invocations=13 (full 0):
 garbage-first heap   total reserved 8347648K, committed 90112K, used 62959K [0x0000000602800000, 0x0000000800000000)
  region size 4096K, 1 young (4096K), 1 survivors (4096K)
 Metaspace       used 31949K, committed 32576K, reserved 1114112K
  class space    used 4277K, committed 4608K, reserved 1048576K
}
Event: 60.029 GC heap before
{Heap before GC invocations=14 (full 0):
 garbage-first heap   total reserved 8347648K, committed 110592K, used 71151K [0x0000000602800000, 0x0000000800000000)
  region size 4096K, 4 young (16384K), 1 survivors (4096K)
 Metaspace       used 31951K, committed 32576K, reserved 1114112K
  class space    used 4277K, committed 4608K, reserved 1048576K
}
Event: 60.030 GC heap after
{Heap after GC invocations=15 (full 0):
 garbage-first heap   total reserved 8347648K, committed 110592K, used 66723K [0x0000000602800000, 0x0000000800000000)
  region size 4096K, 1 young (4096K), 1 survivors (4096K)
 Metaspace       used 31951K, committed 32576K, reserved 1114112K
  class space    used 4277K, committed 4608K, reserved 1048576K
}
Event: 60.102 GC heap before
{Heap before GC invocations=15 (full 0):
 garbage-first heap   total reserved 8347648K, committed 110592K, used 83107K [0x0000000602800000, 0x0000000800000000)
  region size 4096K, 6 young (24576K), 1 survivors (4096K)
 Metaspace       used 31957K, committed 32640K, reserved 1114112K
  class space    used 4277K, committed 4608K, reserved 1048576K
}
Event: 60.104 GC heap after
{Heap after GC invocations=16 (full 0):
 garbage-first heap   total reserved 8347648K, committed 319488K, used 66983K [0x0000000602800000, 0x0000000800000000)
  region size 4096K, 1 young (4096K), 1 survivors (4096K)
 Metaspace       used 31957K, committed 32640K, reserved 1114112K
  class space    used 4277K, committed 4608K, reserved 1048576K
}

